2025-03-18_19:38:43.372 [] DEBUG com.wonderfulfly.core.util.log.LoggerUtil (LoggerUtil.java:74) WFC_DEBUG - database exist...... : com.wonderrobot.ankenmatchingu.common.DataBaseInit.connectByJDBC(143)
2025-03-18_19:38:48.245 [] DEBUG com.wonderfulfly.core.util.log.LoggerUtil (LoggerUtil.java:74) WFC_DEBUG - GET: ControllerAspect-------- start : com.wonderrobot.ankenmatchingu.aspect.ControllerAspect.doAround(38)
2025-03-18_19:38:48.250 [] DEBUG com.wonderfulfly.core.util.log.LoggerUtil (LoggerUtil.java:74) WFC_DEBUG - GET: ControllerAspect-------- end : com.wonderrobot.ankenmatchingu.aspect.ControllerAspect.doAround(41)
2025-03-18_19:38:54.036 [] DEBUG com.wonderfulfly.core.util.log.LoggerUtil (LoggerUtil.java:74) WFC_DEBUG - POST: ControllerAspect-------- start : com.wonderrobot.ankenmatchingu.aspect.ControllerAspect.doAround(38)
2025-03-18_19:38:54.041 [] DEBUG com.wonderfulfly.core.util.log.LoggerUtil (LoggerUtil.java:74) WFC_DEBUG - methodBefore: start : com.wonderrobot.ankenmatchingu.aspect.LogAspect.methodBefore(39)
2025-03-18_19:38:54.841 [] DEBUG com.wonderfulfly.core.util.log.LoggerUtil (LoggerUtil.java:74) WFC_DEBUG - setAdminSessionRight: start : com.wonderrobot.ankenmatchingu.common.MenuRightUtil.setAdminSessionRight(77)
2025-03-18_19:38:54.843 [] DEBUG com.wonderfulfly.core.util.log.LoggerUtil (LoggerUtil.java:74) WFC_DEBUG - setAdminSessionRight: end : com.wonderrobot.ankenmatchingu.common.MenuRightUtil.setAdminSessionRight(97)
2025-03-18_19:38:54.846 [] DEBUG com.wonderfulfly.core.util.log.LoggerUtil (LoggerUtil.java:74) WFC_DEBUG - doAfterReturning: end : com.wonderrobot.ankenmatchingu.aspect.LogAspect.doAfterReturning(49)
2025-03-18_19:38:54.847 [] DEBUG com.wonderfulfly.core.util.log.LoggerUtil (LoggerUtil.java:74) WFC_DEBUG - POST: ControllerAspect-------- end : com.wonderrobot.ankenmatchingu.aspect.ControllerAspect.doAround(41)
2025-03-18_19:38:54.876 [] DEBUG com.wonderfulfly.core.util.log.LoggerUtil (LoggerUtil.java:74) WFC_DEBUG - GET: ControllerAspect-------- start : com.wonderrobot.ankenmatchingu.aspect.ControllerAspect.doAround(38)
2025-03-18_19:38:54.878 [] DEBUG com.wonderfulfly.core.util.log.LoggerUtil (LoggerUtil.java:74) WFC_DEBUG - GET: ControllerAspect-------- end : com.wonderrobot.ankenmatchingu.aspect.ControllerAspect.doAround(41)
2025-03-18_19:38:55.414 [] DEBUG com.wonderfulfly.core.util.log.LoggerUtil (LoggerUtil.java:74) WFC_DEBUG - POST: ControllerAspect-------- start : com.wonderrobot.ankenmatchingu.aspect.ControllerAspect.doAround(38)
2025-03-18_19:38:55.416 [] DEBUG com.wonderfulfly.core.util.log.LoggerUtil (LoggerUtil.java:74) WFC_DEBUG - methodBefore: start : com.wonderrobot.ankenmatchingu.aspect.LogAspect.methodBefore(39)
2025-03-18_19:38:55.450 [] DEBUG com.wonderfulfly.core.util.log.LoggerUtil (LoggerUtil.java:74) WFC_DEBUG - POST: ControllerAspect-------- start : com.wonderrobot.ankenmatchingu.aspect.ControllerAspect.doAround(38)
2025-03-18_19:38:55.457 [] DEBUG com.wonderfulfly.core.util.log.LoggerUtil (LoggerUtil.java:74) WFC_DEBUG - methodBefore: start : com.wonderrobot.ankenmatchingu.aspect.LogAspect.methodBefore(39)
2025-03-18_19:38:55.463 [] DEBUG com.wonderfulfly.core.util.log.LoggerUtil (LoggerUtil.java:74) WFC_DEBUG - doAfterReturning: end : com.wonderrobot.ankenmatchingu.aspect.LogAspect.doAfterReturning(49)
2025-03-18_19:38:55.464 [] DEBUG com.wonderfulfly.core.util.log.LoggerUtil (LoggerUtil.java:74) WFC_DEBUG - POST: ControllerAspect-------- end : com.wonderrobot.ankenmatchingu.aspect.ControllerAspect.doAround(41)
2025-03-18_19:38:55.484 [] DEBUG com.wonderfulfly.core.util.log.LoggerUtil (LoggerUtil.java:74) WFC_DEBUG - POST: ControllerAspect-------- start : com.wonderrobot.ankenmatchingu.aspect.ControllerAspect.doAround(38)
2025-03-18_19:38:55.487 [] DEBUG com.wonderfulfly.core.util.log.LoggerUtil (LoggerUtil.java:74) WFC_DEBUG - methodBefore: start : com.wonderrobot.ankenmatchingu.aspect.LogAspect.methodBefore(39)
2025-03-18_19:38:55.671 [] DEBUG com.wonderfulfly.core.util.log.LoggerUtil (LoggerUtil.java:74) WFC_DEBUG - doAfterReturning: end : com.wonderrobot.ankenmatchingu.aspect.LogAspect.doAfterReturning(49)
2025-03-18_19:38:55.673 [] DEBUG com.wonderfulfly.core.util.log.LoggerUtil (LoggerUtil.java:74) WFC_DEBUG - POST: ControllerAspect-------- end : com.wonderrobot.ankenmatchingu.aspect.ControllerAspect.doAround(41)
2025-03-18_19:38:55.724 [] DEBUG com.wonderfulfly.core.util.log.LoggerUtil (LoggerUtil.java:74) WFC_DEBUG - doAfterReturning: end : com.wonderrobot.ankenmatchingu.aspect.LogAspect.doAfterReturning(49)
2025-03-18_19:38:55.726 [] DEBUG com.wonderfulfly.core.util.log.LoggerUtil (LoggerUtil.java:74) WFC_DEBUG - POST: ControllerAspect-------- end : com.wonderrobot.ankenmatchingu.aspect.ControllerAspect.doAround(41)
2025-03-18_19:39:00.606 [] DEBUG com.wonderfulfly.core.util.log.LoggerUtil (LoggerUtil.java:74) WFC_DEBUG - GET: ControllerAspect-------- start : com.wonderrobot.ankenmatchingu.aspect.ControllerAspect.doAround(38)
2025-03-18_19:39:00.607 [] DEBUG com.wonderfulfly.core.util.log.LoggerUtil (LoggerUtil.java:74) WFC_DEBUG - GET: ControllerAspect-------- end : com.wonderrobot.ankenmatchingu.aspect.ControllerAspect.doAround(41)
2025-03-18_19:39:01.015 [] DEBUG com.wonderfulfly.core.util.log.LoggerUtil (LoggerUtil.java:74) WFC_DEBUG - POST: ControllerAspect-------- start : com.wonderrobot.ankenmatchingu.aspect.ControllerAspect.doAround(38)
2025-03-18_19:39:01.019 [] DEBUG com.wonderfulfly.core.util.log.LoggerUtil (LoggerUtil.java:74) WFC_DEBUG - methodBefore: start : com.wonderrobot.ankenmatchingu.aspect.LogAspect.methodBefore(39)
2025-03-18_19:39:01.024 [] DEBUG com.wonderfulfly.core.util.log.LoggerUtil (LoggerUtil.java:74) WFC_DEBUG - POST: ControllerAspect-------- start : com.wonderrobot.ankenmatchingu.aspect.ControllerAspect.doAround(38)
2025-03-18_19:39:01.031 [] DEBUG com.wonderfulfly.core.util.log.LoggerUtil (LoggerUtil.java:74) WFC_DEBUG - methodBefore: start : com.wonderrobot.ankenmatchingu.aspect.LogAspect.methodBefore(39)
2025-03-18_19:39:01.038 [] DEBUG com.wonderfulfly.core.util.log.LoggerUtil (LoggerUtil.java:74) WFC_DEBUG - doAfterReturning: end : com.wonderrobot.ankenmatchingu.aspect.LogAspect.doAfterReturning(49)
2025-03-18_19:39:01.039 [] DEBUG com.wonderfulfly.core.util.log.LoggerUtil (LoggerUtil.java:74) WFC_DEBUG - doAfterReturning: end : com.wonderrobot.ankenmatchingu.aspect.LogAspect.doAfterReturning(49)
2025-03-18_19:39:01.040 [] DEBUG com.wonderfulfly.core.util.log.LoggerUtil (LoggerUtil.java:74) WFC_DEBUG - POST: ControllerAspect-------- end : com.wonderrobot.ankenmatchingu.aspect.ControllerAspect.doAround(41)
2025-03-18_19:39:01.040 [] DEBUG com.wonderfulfly.core.util.log.LoggerUtil (LoggerUtil.java:74) WFC_DEBUG - POST: ControllerAspect-------- end : com.wonderrobot.ankenmatchingu.aspect.ControllerAspect.doAround(41)
2025-03-18_19:39:01.111 [] DEBUG com.wonderfulfly.core.util.log.LoggerUtil (LoggerUtil.java:74) WFC_DEBUG - POST: ControllerAspect-------- start : com.wonderrobot.ankenmatchingu.aspect.ControllerAspect.doAround(38)
2025-03-18_19:39:01.112 [] DEBUG com.wonderfulfly.core.util.log.LoggerUtil (LoggerUtil.java:74) WFC_DEBUG - methodBefore: start : com.wonderrobot.ankenmatchingu.aspect.LogAspect.methodBefore(39)
2025-03-18_19:39:01.256 [] DEBUG com.wonderfulfly.core.util.log.LoggerUtil (LoggerUtil.java:74) WFC_DEBUG - doAfterReturning: end : com.wonderrobot.ankenmatchingu.aspect.LogAspect.doAfterReturning(49)
2025-03-18_19:39:01.258 [] DEBUG com.wonderfulfly.core.util.log.LoggerUtil (LoggerUtil.java:74) WFC_DEBUG - POST: ControllerAspect-------- end : com.wonderrobot.ankenmatchingu.aspect.ControllerAspect.doAround(41)
2025-03-18_19:39:06.184 [] DEBUG com.wonderfulfly.core.util.log.LoggerUtil (LoggerUtil.java:74) WFC_DEBUG - GET: ControllerAspect-------- start : com.wonderrobot.ankenmatchingu.aspect.ControllerAspect.doAround(38)
2025-03-18_19:39:06.186 [] DEBUG com.wonderfulfly.core.util.log.LoggerUtil (LoggerUtil.java:74) WFC_DEBUG - GET: ControllerAspect-------- end : com.wonderrobot.ankenmatchingu.aspect.ControllerAspect.doAround(41)
2025-03-18_19:39:06.579 [] DEBUG com.wonderfulfly.core.util.log.LoggerUtil (LoggerUtil.java:74) WFC_DEBUG - POST: ControllerAspect-------- start : com.wonderrobot.ankenmatchingu.aspect.ControllerAspect.doAround(38)
2025-03-18_19:39:06.581 [] DEBUG com.wonderfulfly.core.util.log.LoggerUtil (LoggerUtil.java:74) WFC_DEBUG - methodBefore: start : com.wonderrobot.ankenmatchingu.aspect.LogAspect.methodBefore(39)
2025-03-18_19:39:06.584 [] DEBUG com.wonderfulfly.core.util.log.LoggerUtil (LoggerUtil.java:74) WFC_DEBUG - POST: ControllerAspect-------- start : com.wonderrobot.ankenmatchingu.aspect.ControllerAspect.doAround(38)
2025-03-18_19:39:06.591 [] DEBUG com.wonderfulfly.core.util.log.LoggerUtil (LoggerUtil.java:74) WFC_DEBUG - methodBefore: start : com.wonderrobot.ankenmatchingu.aspect.LogAspect.methodBefore(39)
2025-03-18_19:39:06.596 [] DEBUG com.wonderfulfly.core.util.log.LoggerUtil (LoggerUtil.java:74) WFC_DEBUG - doAfterReturning: end : com.wonderrobot.ankenmatchingu.aspect.LogAspect.doAfterReturning(49)
2025-03-18_19:39:06.598 [] DEBUG com.wonderfulfly.core.util.log.LoggerUtil (LoggerUtil.java:74) WFC_DEBUG - POST: ControllerAspect-------- end : com.wonderrobot.ankenmatchingu.aspect.ControllerAspect.doAround(41)
2025-03-18_19:39:06.599 [] DEBUG com.wonderfulfly.core.util.log.LoggerUtil (LoggerUtil.java:74) WFC_DEBUG - doAfterReturning: end : com.wonderrobot.ankenmatchingu.aspect.LogAspect.doAfterReturning(49)
2025-03-18_19:39:06.602 [] DEBUG com.wonderfulfly.core.util.log.LoggerUtil (LoggerUtil.java:74) WFC_DEBUG - POST: ControllerAspect-------- end : com.wonderrobot.ankenmatchingu.aspect.ControllerAspect.doAround(41)
2025-03-18_19:39:06.631 [] DEBUG com.wonderfulfly.core.util.log.LoggerUtil (LoggerUtil.java:74) WFC_DEBUG - POST: ControllerAspect-------- start : com.wonderrobot.ankenmatchingu.aspect.ControllerAspect.doAround(38)
2025-03-18_19:39:06.634 [] DEBUG com.wonderfulfly.core.util.log.LoggerUtil (LoggerUtil.java:74) WFC_DEBUG - methodBefore: start : com.wonderrobot.ankenmatchingu.aspect.LogAspect.methodBefore(39)
2025-03-18_19:39:06.800 [] DEBUG com.wonderfulfly.core.util.log.LoggerUtil (LoggerUtil.java:74) WFC_DEBUG - doAfterReturning: end : com.wonderrobot.ankenmatchingu.aspect.LogAspect.doAfterReturning(49)
2025-03-18_19:39:06.801 [] DEBUG com.wonderfulfly.core.util.log.LoggerUtil (LoggerUtil.java:74) WFC_DEBUG - POST: ControllerAspect-------- end : com.wonderrobot.ankenmatchingu.aspect.ControllerAspect.doAround(41)
2025-03-18_19:39:09.847 [] DEBUG com.wonderfulfly.core.util.log.LoggerUtil (LoggerUtil.java:74) WFC_DEBUG - GET: ControllerAspect-------- start : com.wonderrobot.ankenmatchingu.aspect.ControllerAspect.doAround(38)
2025-03-18_19:39:09.848 [] DEBUG com.wonderfulfly.core.util.log.LoggerUtil (LoggerUtil.java:74) WFC_DEBUG - GET: ControllerAspect-------- end : com.wonderrobot.ankenmatchingu.aspect.ControllerAspect.doAround(41)
2025-03-18_19:39:10.214 [] DEBUG com.wonderfulfly.core.util.log.LoggerUtil (LoggerUtil.java:74) WFC_DEBUG - POST: ControllerAspect-------- start : com.wonderrobot.ankenmatchingu.aspect.ControllerAspect.doAround(38)
2025-03-18_19:39:10.216 [] DEBUG com.wonderfulfly.core.util.log.LoggerUtil (LoggerUtil.java:74) WFC_DEBUG - POST: ControllerAspect-------- start : com.wonderrobot.ankenmatchingu.aspect.ControllerAspect.doAround(38)
2025-03-18_19:39:10.217 [] DEBUG com.wonderfulfly.core.util.log.LoggerUtil (LoggerUtil.java:74) WFC_DEBUG - methodBefore: start : com.wonderrobot.ankenmatchingu.aspect.LogAspect.methodBefore(39)
2025-03-18_19:39:10.218 [] DEBUG com.wonderfulfly.core.util.log.LoggerUtil (LoggerUtil.java:74) WFC_DEBUG - methodBefore: start : com.wonderrobot.ankenmatchingu.aspect.LogAspect.methodBefore(39)
2025-03-18_19:39:10.225 [] DEBUG com.wonderfulfly.core.util.log.LoggerUtil (LoggerUtil.java:74) WFC_DEBUG - doAfterReturning: end : com.wonderrobot.ankenmatchingu.aspect.LogAspect.doAfterReturning(49)
2025-03-18_19:39:10.226 [] DEBUG com.wonderfulfly.core.util.log.LoggerUtil (LoggerUtil.java:74) WFC_DEBUG - POST: ControllerAspect-------- end : com.wonderrobot.ankenmatchingu.aspect.ControllerAspect.doAround(41)
2025-03-18_19:39:10.235 [] DEBUG com.wonderfulfly.core.util.log.LoggerUtil (LoggerUtil.java:74) WFC_DEBUG - doAfterReturning: end : com.wonderrobot.ankenmatchingu.aspect.LogAspect.doAfterReturning(49)
2025-03-18_19:39:10.236 [] DEBUG com.wonderfulfly.core.util.log.LoggerUtil (LoggerUtil.java:74) WFC_DEBUG - POST: ControllerAspect-------- end : com.wonderrobot.ankenmatchingu.aspect.ControllerAspect.doAround(41)
2025-03-18_19:39:16.116 [] DEBUG com.wonderfulfly.core.util.log.LoggerUtil (LoggerUtil.java:74) WFC_DEBUG - GET: ControllerAspect-------- start : com.wonderrobot.ankenmatchingu.aspect.ControllerAspect.doAround(38)
2025-03-18_19:39:16.117 [] DEBUG com.wonderfulfly.core.util.log.LoggerUtil (LoggerUtil.java:74) WFC_DEBUG - GET: ControllerAspect-------- end : com.wonderrobot.ankenmatchingu.aspect.ControllerAspect.doAround(41)
2025-03-18_19:39:16.469 [] DEBUG com.wonderfulfly.core.util.log.LoggerUtil (LoggerUtil.java:74) WFC_DEBUG - POST: ControllerAspect-------- start : com.wonderrobot.ankenmatchingu.aspect.ControllerAspect.doAround(38)
2025-03-18_19:39:16.472 [] DEBUG com.wonderfulfly.core.util.log.LoggerUtil (LoggerUtil.java:74) WFC_DEBUG - methodBefore: start : com.wonderrobot.ankenmatchingu.aspect.LogAspect.methodBefore(39)
2025-03-18_19:39:16.475 [] DEBUG com.wonderfulfly.core.util.log.LoggerUtil (LoggerUtil.java:74) WFC_DEBUG - POST: ControllerAspect-------- start : com.wonderrobot.ankenmatchingu.aspect.ControllerAspect.doAround(38)
2025-03-18_19:39:16.480 [] DEBUG com.wonderfulfly.core.util.log.LoggerUtil (LoggerUtil.java:74) WFC_DEBUG - methodBefore: start : com.wonderrobot.ankenmatchingu.aspect.LogAspect.methodBefore(39)
2025-03-18_19:39:16.486 [] DEBUG com.wonderfulfly.core.util.log.LoggerUtil (LoggerUtil.java:74) WFC_DEBUG - doAfterReturning: end : com.wonderrobot.ankenmatchingu.aspect.LogAspect.doAfterReturning(49)
2025-03-18_19:39:16.487 [] DEBUG com.wonderfulfly.core.util.log.LoggerUtil (LoggerUtil.java:74) WFC_DEBUG - POST: ControllerAspect-------- end : com.wonderrobot.ankenmatchingu.aspect.ControllerAspect.doAround(41)
2025-03-18_19:39:16.512 [] DEBUG com.wonderfulfly.core.util.log.LoggerUtil (LoggerUtil.java:74) WFC_DEBUG - POST: ControllerAspect-------- start : com.wonderrobot.ankenmatchingu.aspect.ControllerAspect.doAround(38)
2025-03-18_19:39:16.513 [] DEBUG com.wonderfulfly.core.util.log.LoggerUtil (LoggerUtil.java:74) WFC_DEBUG - methodBefore: start : com.wonderrobot.ankenmatchingu.aspect.LogAspect.methodBefore(39)
2025-03-18_19:39:16.575 [] DEBUG com.wonderfulfly.core.util.log.LoggerUtil (LoggerUtil.java:74) WFC_DEBUG - doAfterReturning: end : com.wonderrobot.ankenmatchingu.aspect.LogAspect.doAfterReturning(49)
2025-03-18_19:39:16.576 [] DEBUG com.wonderfulfly.core.util.log.LoggerUtil (LoggerUtil.java:74) WFC_DEBUG - POST: ControllerAspect-------- end : com.wonderrobot.ankenmatchingu.aspect.ControllerAspect.doAround(41)
2025-03-18_19:39:16.686 [] DEBUG com.wonderfulfly.core.util.log.LoggerUtil (LoggerUtil.java:74) WFC_DEBUG - doAfterReturning: end : com.wonderrobot.ankenmatchingu.aspect.LogAspect.doAfterReturning(49)
2025-03-18_19:39:16.687 [] DEBUG com.wonderfulfly.core.util.log.LoggerUtil (LoggerUtil.java:74) WFC_DEBUG - POST: ControllerAspect-------- end : com.wonderrobot.ankenmatchingu.aspect.ControllerAspect.doAround(41)
2025-03-18_19:39:21.105 [] DEBUG com.wonderfulfly.core.util.log.LoggerUtil (LoggerUtil.java:74) WFC_DEBUG - GET: ControllerAspect-------- start : com.wonderrobot.ankenmatchingu.aspect.ControllerAspect.doAround(38)
2025-03-18_19:39:21.106 [] DEBUG com.wonderfulfly.core.util.log.LoggerUtil (LoggerUtil.java:74) WFC_DEBUG - GET: ControllerAspect-------- end : com.wonderrobot.ankenmatchingu.aspect.ControllerAspect.doAround(41)
2025-03-18_19:39:21.458 [] DEBUG com.wonderfulfly.core.util.log.LoggerUtil (LoggerUtil.java:74) WFC_DEBUG - POST: ControllerAspect-------- start : com.wonderrobot.ankenmatchingu.aspect.ControllerAspect.doAround(38)
2025-03-18_19:39:21.460 [] DEBUG com.wonderfulfly.core.util.log.LoggerUtil (LoggerUtil.java:74) WFC_DEBUG - methodBefore: start : com.wonderrobot.ankenmatchingu.aspect.LogAspect.methodBefore(39)
2025-03-18_19:39:21.467 [] DEBUG com.wonderfulfly.core.util.log.LoggerUtil (LoggerUtil.java:74) WFC_DEBUG - POST: ControllerAspect-------- start : com.wonderrobot.ankenmatchingu.aspect.ControllerAspect.doAround(38)
2025-03-18_19:39:21.473 [] DEBUG com.wonderfulfly.core.util.log.LoggerUtil (LoggerUtil.java:74) WFC_DEBUG - methodBefore: start : com.wonderrobot.ankenmatchingu.aspect.LogAspect.methodBefore(39)
2025-03-18_19:39:21.477 [] DEBUG com.wonderfulfly.core.util.log.LoggerUtil (LoggerUtil.java:74) WFC_DEBUG - doAfterReturning: end : com.wonderrobot.ankenmatchingu.aspect.LogAspect.doAfterReturning(49)
2025-03-18_19:39:21.478 [] DEBUG com.wonderfulfly.core.util.log.LoggerUtil (LoggerUtil.java:74) WFC_DEBUG - POST: ControllerAspect-------- end : com.wonderrobot.ankenmatchingu.aspect.ControllerAspect.doAround(41)
2025-03-18_19:39:21.479 [] DEBUG com.wonderfulfly.core.util.log.LoggerUtil (LoggerUtil.java:74) WFC_DEBUG - doAfterReturning: end : com.wonderrobot.ankenmatchingu.aspect.LogAspect.doAfterReturning(49)
2025-03-18_19:39:21.481 [] DEBUG com.wonderfulfly.core.util.log.LoggerUtil (LoggerUtil.java:74) WFC_DEBUG - POST: ControllerAspect-------- end : com.wonderrobot.ankenmatchingu.aspect.ControllerAspect.doAround(41)
2025-03-18_19:39:28.064 [] DEBUG com.wonderfulfly.core.util.log.LoggerUtil (LoggerUtil.java:74) WFC_DEBUG - GET: ControllerAspect-------- start : com.wonderrobot.ankenmatchingu.aspect.ControllerAspect.doAround(38)
2025-03-18_19:39:28.066 [] DEBUG com.wonderfulfly.core.util.log.LoggerUtil (LoggerUtil.java:74) WFC_DEBUG - GET: ControllerAspect-------- end : com.wonderrobot.ankenmatchingu.aspect.ControllerAspect.doAround(41)
2025-03-18_19:39:28.400 [] DEBUG com.wonderfulfly.core.util.log.LoggerUtil (LoggerUtil.java:74) WFC_DEBUG - POST: ControllerAspect-------- start : com.wonderrobot.ankenmatchingu.aspect.ControllerAspect.doAround(38)
2025-03-18_19:39:28.402 [] DEBUG com.wonderfulfly.core.util.log.LoggerUtil (LoggerUtil.java:74) WFC_DEBUG - methodBefore: start : com.wonderrobot.ankenmatchingu.aspect.LogAspect.methodBefore(39)
2025-03-18_19:39:28.415 [] DEBUG com.wonderfulfly.core.util.log.LoggerUtil (LoggerUtil.java:74) WFC_DEBUG - doAfterReturning: end : com.wonderrobot.ankenmatchingu.aspect.LogAspect.doAfterReturning(49)
2025-03-18_19:39:28.416 [] DEBUG com.wonderfulfly.core.util.log.LoggerUtil (LoggerUtil.java:74) WFC_DEBUG - POST: ControllerAspect-------- end : com.wonderrobot.ankenmatchingu.aspect.ControllerAspect.doAround(41)
2025-03-18_19:39:28.421 [] DEBUG com.wonderfulfly.core.util.log.LoggerUtil (LoggerUtil.java:74) WFC_DEBUG - POST: ControllerAspect-------- start : com.wonderrobot.ankenmatchingu.aspect.ControllerAspect.doAround(38)
2025-03-18_19:39:28.424 [] DEBUG com.wonderfulfly.core.util.log.LoggerUtil (LoggerUtil.java:74) WFC_DEBUG - methodBefore: start : com.wonderrobot.ankenmatchingu.aspect.LogAspect.methodBefore(39)
2025-03-18_19:39:28.426 [] DEBUG com.wonderfulfly.core.util.log.LoggerUtil (LoggerUtil.java:74) WFC_DEBUG - doAfterReturning: end : com.wonderrobot.ankenmatchingu.aspect.LogAspect.doAfterReturning(49)
2025-03-18_19:39:28.428 [] DEBUG com.wonderfulfly.core.util.log.LoggerUtil (LoggerUtil.java:74) WFC_DEBUG - POST: ControllerAspect-------- end : com.wonderrobot.ankenmatchingu.aspect.ControllerAspect.doAround(41)
2025-03-18_19:39:28.445 [] DEBUG com.wonderfulfly.core.util.log.LoggerUtil (LoggerUtil.java:74) WFC_DEBUG - POST: ControllerAspect-------- start : com.wonderrobot.ankenmatchingu.aspect.ControllerAspect.doAround(38)
2025-03-18_19:39:28.447 [] DEBUG com.wonderfulfly.core.util.log.LoggerUtil (LoggerUtil.java:74) WFC_DEBUG - methodBefore: start : com.wonderrobot.ankenmatchingu.aspect.LogAspect.methodBefore(39)
2025-03-18_19:39:28.456 [] DEBUG com.wonderfulfly.core.util.log.LoggerUtil (LoggerUtil.java:74) WFC_DEBUG - doAfterReturning: end : com.wonderrobot.ankenmatchingu.aspect.LogAspect.doAfterReturning(49)
2025-03-18_19:39:28.457 [] DEBUG com.wonderfulfly.core.util.log.LoggerUtil (LoggerUtil.java:74) WFC_DEBUG - POST: ControllerAspect-------- end : com.wonderrobot.ankenmatchingu.aspect.ControllerAspect.doAround(41)
2025-03-18_19:39:33.135 [] DEBUG com.wonderfulfly.core.util.log.LoggerUtil (LoggerUtil.java:74) WFC_DEBUG - GET: ControllerAspect-------- start : com.wonderrobot.ankenmatchingu.aspect.ControllerAspect.doAround(38)
2025-03-18_19:39:33.136 [] DEBUG com.wonderfulfly.core.util.log.LoggerUtil (LoggerUtil.java:74) WFC_DEBUG - GET: ControllerAspect-------- end : com.wonderrobot.ankenmatchingu.aspect.ControllerAspect.doAround(41)
2025-03-18_19:39:33.472 [] DEBUG com.wonderfulfly.core.util.log.LoggerUtil (LoggerUtil.java:74) WFC_DEBUG - POST: ControllerAspect-------- start : com.wonderrobot.ankenmatchingu.aspect.ControllerAspect.doAround(38)
2025-03-18_19:39:33.476 [] DEBUG com.wonderfulfly.core.util.log.LoggerUtil (LoggerUtil.java:74) WFC_DEBUG - methodBefore: start : com.wonderrobot.ankenmatchingu.aspect.LogAspect.methodBefore(39)
2025-03-18_19:39:33.478 [] DEBUG com.wonderfulfly.core.util.log.LoggerUtil (LoggerUtil.java:74) WFC_DEBUG - POST: ControllerAspect-------- start : com.wonderrobot.ankenmatchingu.aspect.ControllerAspect.doAround(38)
2025-03-18_19:39:33.482 [] DEBUG com.wonderfulfly.core.util.log.LoggerUtil (LoggerUtil.java:74) WFC_DEBUG - methodBefore: start : com.wonderrobot.ankenmatchingu.aspect.LogAspect.methodBefore(39)
2025-03-18_19:39:33.484 [] DEBUG com.wonderfulfly.core.util.log.LoggerUtil (LoggerUtil.java:74) WFC_DEBUG - doAfterReturning: end : com.wonderrobot.ankenmatchingu.aspect.LogAspect.doAfterReturning(49)
2025-03-18_19:39:33.487 [] DEBUG com.wonderfulfly.core.util.log.LoggerUtil (LoggerUtil.java:74) WFC_DEBUG - POST: ControllerAspect-------- end : com.wonderrobot.ankenmatchingu.aspect.ControllerAspect.doAround(41)
2025-03-18_19:39:33.494 [] DEBUG com.wonderfulfly.core.util.log.LoggerUtil (LoggerUtil.java:74) WFC_DEBUG - doAfterReturning: end : com.wonderrobot.ankenmatchingu.aspect.LogAspect.doAfterReturning(49)
2025-03-18_19:39:33.496 [] DEBUG com.wonderfulfly.core.util.log.LoggerUtil (LoggerUtil.java:74) WFC_DEBUG - POST: ControllerAspect-------- end : com.wonderrobot.ankenmatchingu.aspect.ControllerAspect.doAround(41)
2025-03-18_19:39:33.505 [] DEBUG com.wonderfulfly.core.util.log.LoggerUtil (LoggerUtil.java:74) WFC_DEBUG - POST: ControllerAspect-------- start : com.wonderrobot.ankenmatchingu.aspect.ControllerAspect.doAround(38)
2025-03-18_19:39:33.507 [] DEBUG com.wonderfulfly.core.util.log.LoggerUtil (LoggerUtil.java:74) WFC_DEBUG - methodBefore: start : com.wonderrobot.ankenmatchingu.aspect.LogAspect.methodBefore(39)
2025-03-18_19:39:33.516 [] DEBUG com.wonderfulfly.core.util.log.LoggerUtil (LoggerUtil.java:74) WFC_DEBUG - doAfterReturning: end : com.wonderrobot.ankenmatchingu.aspect.LogAspect.doAfterReturning(49)
2025-03-18_19:39:33.517 [] DEBUG com.wonderfulfly.core.util.log.LoggerUtil (LoggerUtil.java:74) WFC_DEBUG - POST: ControllerAspect-------- end : com.wonderrobot.ankenmatchingu.aspect.ControllerAspect.doAround(41)
