2025-03-19_09:51:41.521 []  WARN   HikariPool-1 - Thread starvation or clock leap detected (housekeeper delta=1h13m33s762ms875µs).
2025-03-19_14:42:07.730 []  ERROR  SaaSForce ERROR: AuthenticationEntryPointImpl--------UnAuthorized--------
2025-03-19_14:42:07.731 []  ERROR  SaaSForce ERROR: AuthenticationEntryPointImpl--------UnAuthorized--------
2025-03-19_14:42:07.732 []  ERROR  AuthenticationEntryPointImpl--------UnAuthorized--------
2025-03-19_16:22:03.678 []  INFO   Application shutdown requested.
2025-03-19_16:22:04.142 []  INFO   Pausing ProtocolHandler ["http-nio-8686"]
2025-03-19_16:22:04.143 []  INFO   Stopping service [Tomcat]
2025-03-19_16:22:04.150 []  INFO   Destroying Spring FrameworkServlet 'dispatcherServlet'
2025-03-19_16:22:04.182 []  WARN   The web application [ROOT] appears to have started a thread named [HikariPool-1 housekeeper] but has failed to stop it. This is very likely to create a memory leak. Stack trace of thread:
 sun.misc.Unsafe.park(Native Method)
 java.util.concurrent.locks.LockSupport.parkNanos(LockSupport.java:215)
 java.util.concurrent.locks.AbstractQueuedSynchronizer$ConditionObject.awaitNanos(AbstractQueuedSynchronizer.java:2078)
 java.util.concurrent.ScheduledThreadPoolExecutor$DelayedWorkQueue.take(ScheduledThreadPoolExecutor.java:1093)
 java.util.concurrent.ScheduledThreadPoolExecutor$DelayedWorkQueue.take(ScheduledThreadPoolExecutor.java:809)
 java.util.concurrent.ThreadPoolExecutor.getTask(ThreadPoolExecutor.java:1074)
 java.util.concurrent.ThreadPoolExecutor.runWorker(ThreadPoolExecutor.java:1134)
 java.util.concurrent.ThreadPoolExecutor$Worker.run(ThreadPoolExecutor.java:624)
 java.lang.Thread.run(Thread.java:750)
2025-03-19_16:22:04.185 []  INFO   Stopping ProtocolHandler ["http-nio-8686"]
2025-03-19_16:22:04.188 []  INFO   Destroying ProtocolHandler ["http-nio-8686"]
2025-03-19_16:22:04.202 []  INFO   HikariPool-1 - Shutdown initiated...
2025-03-19_16:22:04.206 []  INFO   HikariPool-1 - Shutdown completed.
2025-03-19_16:22:18.390 []  INFO   HV000001: Hibernate Validator 6.2.5.Final
2025-03-19_16:22:18.451 []  INFO   Starting Application using Java 1.8.0_391 on DESKTOP-2J1KJC9 with PID 21052 (D:\sts-workspace\case\target\classes started by yutia in D:\sts-workspace\case)
2025-03-19_16:22:18.455 []  INFO   No active profile set, falling back to 1 default profile: "default"
2025-03-19_16:22:18.518 []  INFO   Devtools property defaults active! Set 'spring.devtools.add-properties' to 'false' to disable
2025-03-19_16:22:18.518 []  INFO   For additional web related logging consider setting the 'logging.level.web' property to 'DEBUG'
2025-03-19_16:22:22.134 []  INFO   Tomcat initialized with port(s): 8686 (http)
2025-03-19_16:22:22.148 []  INFO   Initializing ProtocolHandler ["http-nio-8686"]
2025-03-19_16:22:22.149 []  INFO   Starting service [Tomcat]
2025-03-19_16:22:22.149 []  INFO   Starting Servlet engine: [Apache Tomcat/9.0.75]
2025-03-19_16:22:22.523 []  INFO   At least one JAR was scanned for TLDs yet contained no TLDs. Enable debug logging for this logger for a complete list of JARs that were scanned but no TLDs were found in them. Skipping unneeded JARs during scanning can improve startup time and JSP compilation time.
2025-03-19_16:22:22.532 []  INFO   Initializing Spring embedded WebApplicationContext
2025-03-19_16:22:22.532 []  INFO   Root WebApplicationContext: initialization completed in 4012 ms
2025-03-19_16:22:38.128 []  INFO   Will secure any request with [org.springframework.security.web.session.DisableEncodeUrlFilter@6e3467d6, org.springframework.security.web.context.request.async.WebAsyncManagerIntegrationFilter@476878d8, org.springframework.security.web.context.SecurityContextPersistenceFilter@1c568066, org.springframework.security.web.header.HeaderWriterFilter@74f4be3a, org.springframework.security.web.authentication.logout.LogoutFilter@37439966, org.springframework.security.web.savedrequest.RequestCacheAwareFilter@8d361c0, org.springframework.security.web.servletapi.SecurityContextHolderAwareRequestFilter@58c49c39, org.springframework.security.web.authentication.AnonymousAuthenticationFilter@72781fe3, org.springframework.security.web.session.SessionManagementFilter@24536bb5, org.springframework.security.web.access.ExceptionTranslationFilter@35325924, org.springframework.security.web.access.intercept.AuthorizationFilter@1cf52a1c]
2025-03-19_16:22:38.287 []  INFO   LiveReload server is running on port 35729
2025-03-19_16:22:39.990 []  INFO   Starting ProtocolHandler ["http-nio-8686"]
2025-03-19_16:22:40.070 []  INFO   Tomcat started on port(s): 8686 (http) with context path ''
2025-03-19_16:22:40.145 []  INFO   Started Application in 22.273 seconds (JVM running for 25.716)
2025-03-19_16:24:04.838 []  INFO   Initializing Spring DispatcherServlet 'dispatcherServlet'
2025-03-19_16:24:04.839 []  INFO   Initializing Servlet 'dispatcherServlet'
2025-03-19_16:24:04.844 []  INFO   Completed initialization in 5 ms
2025-03-19_16:24:07.057 []  ERROR  SaaSForce ERROR: AuthenticationEntryPointImpl--------UnAuthorized--------
2025-03-19_16:24:07.057 []  ERROR  SaaSForce ERROR: AuthenticationEntryPointImpl--------UnAuthorized--------
2025-03-19_16:24:07.057 []  ERROR  AuthenticationEntryPointImpl--------UnAuthorized--------
2025-03-19_16:24:28.419 []  INFO   HikariPool-1 - Starting...
2025-03-19_16:24:28.442 []  INFO   HikariPool-1 - Start completed.
2025-03-19_16:35:23.718 []  WARN   No mapping for POST /F20230130161732328.do
2025-03-19_16:35:23.718 []  WARN   No mapping for POST /F20230130161732328.do
2025-03-19_16:47:31.610 []  WARN   No mapping for POST /F20230130161732328.do
2025-03-19_16:47:31.617 []  WARN   No mapping for POST /F20230130161732328.do
2025-03-19_16:47:56.271 []  INFO   Application shutdown requested.
2025-03-19_16:47:56.664 []  INFO   Pausing ProtocolHandler ["http-nio-8686"]
2025-03-19_16:47:56.664 []  INFO   Stopping service [Tomcat]
2025-03-19_16:47:56.669 []  INFO   Destroying Spring FrameworkServlet 'dispatcherServlet'
2025-03-19_16:47:56.719 []  WARN   The web application [ROOT] appears to have started a thread named [HikariPool-1 housekeeper] but has failed to stop it. This is very likely to create a memory leak. Stack trace of thread:
 sun.misc.Unsafe.park(Native Method)
 java.util.concurrent.locks.LockSupport.parkNanos(LockSupport.java:215)
 java.util.concurrent.locks.AbstractQueuedSynchronizer$ConditionObject.awaitNanos(AbstractQueuedSynchronizer.java:2078)
 java.util.concurrent.ScheduledThreadPoolExecutor$DelayedWorkQueue.take(ScheduledThreadPoolExecutor.java:1093)
 java.util.concurrent.ScheduledThreadPoolExecutor$DelayedWorkQueue.take(ScheduledThreadPoolExecutor.java:809)
 java.util.concurrent.ThreadPoolExecutor.getTask(ThreadPoolExecutor.java:1074)
 java.util.concurrent.ThreadPoolExecutor.runWorker(ThreadPoolExecutor.java:1134)
 java.util.concurrent.ThreadPoolExecutor$Worker.run(ThreadPoolExecutor.java:624)
 java.lang.Thread.run(Thread.java:750)
2025-03-19_16:47:56.721 []  INFO   Stopping ProtocolHandler ["http-nio-8686"]
2025-03-19_16:47:56.724 []  INFO   Destroying ProtocolHandler ["http-nio-8686"]
2025-03-19_16:47:56.736 []  INFO   HikariPool-1 - Shutdown initiated...
2025-03-19_16:47:56.744 []  INFO   HikariPool-1 - Shutdown completed.
2025-03-19_21:18:52.571 []  INFO   HV000001: Hibernate Validator 6.2.5.Final
2025-03-19_21:18:52.601 []  INFO   Starting Application using Java 1.8.0_391 on DESKTOP-2J1KJC9 with PID 14968 (D:\sts-workspace\case\target\classes started by yutia in D:\sts-workspace\case)
2025-03-19_21:18:52.605 []  INFO   No active profile set, falling back to 1 default profile: "default"
2025-03-19_21:18:52.651 []  INFO   Devtools property defaults active! Set 'spring.devtools.add-properties' to 'false' to disable
2025-03-19_21:18:52.651 []  INFO   For additional web related logging consider setting the 'logging.level.web' property to 'DEBUG'
2025-03-19_21:18:55.734 []  INFO   Tomcat initialized with port(s): 8686 (http)
2025-03-19_21:18:55.744 []  INFO   Initializing ProtocolHandler ["http-nio-8686"]
2025-03-19_21:18:55.745 []  INFO   Starting service [Tomcat]
2025-03-19_21:18:55.745 []  INFO   Starting Servlet engine: [Apache Tomcat/9.0.75]
2025-03-19_21:18:56.031 []  INFO   At least one JAR was scanned for TLDs yet contained no TLDs. Enable debug logging for this logger for a complete list of JARs that were scanned but no TLDs were found in them. Skipping unneeded JARs during scanning can improve startup time and JSP compilation time.
2025-03-19_21:18:56.038 []  INFO   Initializing Spring embedded WebApplicationContext
2025-03-19_21:18:56.039 []  INFO   Root WebApplicationContext: initialization completed in 3388 ms
2025-03-19_21:19:10.175 []  INFO   Will secure any request with [org.springframework.security.web.session.DisableEncodeUrlFilter@38600a78, org.springframework.security.web.context.request.async.WebAsyncManagerIntegrationFilter@64dfa103, org.springframework.security.web.context.SecurityContextPersistenceFilter@3fa3fece, org.springframework.security.web.header.HeaderWriterFilter@4a2f331d, org.springframework.security.web.authentication.logout.LogoutFilter@173bca51, org.springframework.security.web.savedrequest.RequestCacheAwareFilter@337ca3a1, org.springframework.security.web.servletapi.SecurityContextHolderAwareRequestFilter@1eda22e, org.springframework.security.web.authentication.AnonymousAuthenticationFilter@583c0a2d, org.springframework.security.web.session.SessionManagementFilter@3ba3ab36, org.springframework.security.web.access.ExceptionTranslationFilter@36222754, org.springframework.security.web.access.intercept.AuthorizationFilter@70d980dd]
2025-03-19_21:19:10.336 []  INFO   LiveReload server is running on port 35729
2025-03-19_21:19:12.867 []  INFO   Starting ProtocolHandler ["http-nio-8686"]
2025-03-19_21:19:12.904 []  INFO   Tomcat started on port(s): 8686 (http) with context path ''
2025-03-19_21:19:13.017 []  INFO   Started Application in 20.847 seconds (JVM running for 22.662)
2025-03-19_21:19:13.033 []  INFO   Initializing Spring DispatcherServlet 'dispatcherServlet'
2025-03-19_21:19:13.034 []  INFO   Initializing Servlet 'dispatcherServlet'
2025-03-19_21:19:13.039 []  INFO   Completed initialization in 5 ms
2025-03-19_21:19:13.141 []  ERROR  SaaSForce ERROR: AuthenticationEntryPointImpl--------UnAuthorized--------
2025-03-19_21:19:13.141 []  ERROR  SaaSForce ERROR: AuthenticationEntryPointImpl--------UnAuthorized--------
2025-03-19_21:19:13.141 []  ERROR  AuthenticationEntryPointImpl--------UnAuthorized--------
2025-03-19_21:23:52.877 []  INFO   HikariPool-1 - Starting...
2025-03-19_21:23:53.084 []  INFO   HikariPool-1 - Start completed.
2025-03-19_21:24:13.415 []  WARN   No mapping for POST /F20230130161732328.do
2025-03-19_21:24:13.422 []  WARN   No mapping for POST /F20230130161732328.do
2025-03-19_21:30:18.586 []  WARN   No mapping for POST /F20230130161732328.do
2025-03-19_21:30:18.593 []  WARN   No mapping for POST /F20230130161732328.do
2025-03-19_21:32:01.029 []  WARN   No mapping for POST /F20230130161732328.do
2025-03-19_21:32:01.033 []  WARN   No mapping for POST /F20230130161732328.do
2025-03-19_21:33:21.475 []  WARN   No mapping for POST /F20230130161732328.do
2025-03-19_21:33:21.482 []  WARN   No mapping for POST /F20230130161732328.do
2025-03-19_21:33:28.101 []  WARN   No mapping for GET /F20230130161732328.do
2025-03-19_21:33:52.149 []  WARN   No mapping for POST /F20230130161732328.do
2025-03-19_21:33:52.142 []  WARN   No mapping for POST /F20230130161732328.do
2025-03-19_21:33:55.130 []  WARN   No mapping for GET /F20230130161732328.do
2025-03-19_21:34:22.555 []  WARN   No mapping for POST /F20230130161732328.do
2025-03-19_21:34:22.580 []  WARN   No mapping for POST /F20230130161732328.do
2025-03-19_21:34:34.128 []  WARN   No mapping for POST /F20230130161732328.do
2025-03-19_21:34:34.151 []  WARN   No mapping for POST /F20230130161732328.do
2025-03-19_21:34:44.559 []  WARN   No mapping for POST /F20230130161732328.do
2025-03-19_21:34:44.586 []  WARN   No mapping for POST /F20230130161732328.do
2025-03-19_21:38:38.971 []  WARN   No mapping for POST /F20230130161732328.do
2025-03-19_21:38:38.979 []  WARN   No mapping for POST /F20230130161732328.do
2025-03-19_21:40:46.148 []  WARN   No mapping for POST /F20230130161732328.do
2025-03-19_21:40:46.152 []  WARN   No mapping for POST /F20230130161732328.do
2025-03-19_21:47:43.954 []  WARN   No mapping for POST /F20230130161732328.do
2025-03-19_21:47:43.964 []  WARN   No mapping for POST /F20230130161732328.do
2025-03-19_22:07:52.515 []  WARN   No mapping for POST /F20230130161732328.do
2025-03-19_22:07:52.528 []  WARN   No mapping for POST /F20230130161732328.do
2025-03-19_22:08:27.486 []  WARN   No mapping for POST /F20230130161732328.do
2025-03-19_22:08:27.491 []  WARN   No mapping for POST /F20230130161732328.do
2025-03-19_22:08:31.691 []  WARN   No mapping for POST /F20230130161732328.do
2025-03-19_22:08:31.703 []  WARN   No mapping for POST /F20230130161732328.do
2025-03-19_22:08:36.057 []  WARN   No mapping for POST /F20230130161732328.do
2025-03-19_22:08:36.070 []  WARN   No mapping for POST /F20230130161732328.do
2025-03-19_22:08:51.041 []  WARN   No mapping for POST /F20230130161732328.do
2025-03-19_22:08:51.048 []  WARN   No mapping for POST /F20230130161732328.do
2025-03-19_22:08:53.227 []  WARN   No mapping for POST /F20230130161732328.do
2025-03-19_22:08:53.234 []  WARN   No mapping for POST /F20230130161732328.do
2025-03-19_22:09:00.170 []  WARN   No mapping for POST /F20230130161732328.do
2025-03-19_22:09:00.180 []  WARN   No mapping for POST /F20230130161732328.do
2025-03-19_22:10:17.438 []  WARN   No mapping for POST /F20230130161732328.do
2025-03-19_22:10:17.453 []  WARN   No mapping for POST /F20230130161732328.do
2025-03-19_22:11:22.226 []  WARN   No mapping for POST /F20230130161732328.do
2025-03-19_22:11:22.230 []  WARN   No mapping for POST /F20230130161732328.do
2025-03-19_22:12:09.493 []  WARN   No mapping for POST /F20230130161732328.do
2025-03-19_22:12:09.499 []  WARN   No mapping for POST /F20230130161732328.do
2025-03-19_22:12:11.604 []  WARN   No mapping for POST /F20230130161732328.do
2025-03-19_22:12:11.613 []  WARN   No mapping for POST /F20230130161732328.do
2025-03-19_22:12:16.416 []  WARN   No mapping for GET /password
2025-03-19_22:12:18.554 []  WARN   No mapping for GET /password
2025-03-19_22:12:25.686 []  WARN   No mapping for GET /password
2025-03-19_22:33:19.834 []  INFO   Application shutdown requested.
2025-03-19_22:33:20.345 []  INFO   Pausing ProtocolHandler ["http-nio-8686"]
2025-03-19_22:33:20.346 []  INFO   Stopping service [Tomcat]
2025-03-19_22:33:20.352 []  INFO   Destroying Spring FrameworkServlet 'dispatcherServlet'
2025-03-19_22:33:20.356 []  WARN   The web application [ROOT] appears to have started a thread named [HikariPool-1 housekeeper] but has failed to stop it. This is very likely to create a memory leak. Stack trace of thread:
 sun.misc.Unsafe.park(Native Method)
 java.util.concurrent.locks.LockSupport.parkNanos(LockSupport.java:215)
 java.util.concurrent.locks.AbstractQueuedSynchronizer$ConditionObject.awaitNanos(AbstractQueuedSynchronizer.java:2078)
 java.util.concurrent.ScheduledThreadPoolExecutor$DelayedWorkQueue.take(ScheduledThreadPoolExecutor.java:1093)
 java.util.concurrent.ScheduledThreadPoolExecutor$DelayedWorkQueue.take(ScheduledThreadPoolExecutor.java:809)
 java.util.concurrent.ThreadPoolExecutor.getTask(ThreadPoolExecutor.java:1074)
 java.util.concurrent.ThreadPoolExecutor.runWorker(ThreadPoolExecutor.java:1134)
 java.util.concurrent.ThreadPoolExecutor$Worker.run(ThreadPoolExecutor.java:624)
 java.lang.Thread.run(Thread.java:750)
2025-03-19_22:33:20.358 []  INFO   Stopping ProtocolHandler ["http-nio-8686"]
2025-03-19_22:33:20.362 []  INFO   Destroying ProtocolHandler ["http-nio-8686"]
2025-03-19_22:33:20.397 []  INFO   HikariPool-1 - Shutdown initiated...
2025-03-19_22:33:20.404 []  INFO   HikariPool-1 - Shutdown completed.
