2025-03-16_23:04:06.479 []  INFO   fileName:jsonclientscript.json
2025-03-16_23:04:06.482 []  INFO   fileName:javascript.json
2025-03-16_23:04:06.485 []  INFO   fileName:codedesignlbl_date_sp.json
2025-03-16_23:04:06.500 []  INFO   prepare entity info 案件明細fcuser02
2025-03-16_23:04:06.505 []  INFO   prepare entity info 案件マッチングfcuser02
2025-03-16_23:04:06.509 []  INFO   prepare entity info 案件タグfcuser02
2025-03-16_23:04:06.513 []  INFO   prepare entity info 技術者タグfcuser02
2025-03-16_23:04:06.517 []  INFO   prepare entity info 技術者明細fcuser02
2025-03-16_23:04:06.521 []  INFO   prepare entity info コミュニケーションfcuser02
2025-03-16_23:04:06.525 []  INFO   prepare entity info コミュニケーション記録fcuser02
2025-03-16_23:04:06.529 []  INFO   prepare entity info タグ管理fcuser02
2025-03-16_23:04:06.533 []  INFO   prepare entity info 共通設定管理fcuser02
2025-03-16_23:04:06.542 []  INFO   prepare entity info 案件一覧fcuser02
2025-03-16_23:04:06.554 []  INFO   prepare entity info 技術者一覧fcuser02
2025-03-16_23:04:06.562 []  INFO   prepare page info
2025-03-16_23:04:06.565 []  INFO   prepare page predefined function info
2025-03-16_23:04:06.566 []  INFO   prepare page controller service info 案件明細
2025-03-16_23:04:06.675 []  INFO   prepare page controller service info 案件マッチング
2025-03-16_23:04:06.728 []  INFO   prepare page controller service info 案件タグ
2025-03-16_23:04:06.790 []  INFO   prepare page controller service info 技術者タグ
2025-03-16_23:04:06.855 []  INFO   prepare page controller service info 技術者明細
2025-03-16_23:04:06.953 []  INFO   prepare page controller service info コミュニケーション
2025-03-16_23:04:07.015 []  INFO   prepare page controller service info コミュニケーション記録
2025-03-16_23:04:07.086 []  INFO   prepare page controller service info タグ管理
2025-03-16_23:04:07.143 []  INFO   prepare page controller service info 共通設定管理
2025-03-16_23:04:07.421 []  INFO   can not get pageid from page manage id:S001
2025-03-16_23:04:07.425 []  INFO   can not get pageid from page manage id:S001
2025-03-16_23:04:07.429 []  INFO   can not get pageid from page manage id:S001
2025-03-16_23:04:07.434 []  INFO   can not get pageid from page manage id:S001
2025-03-16_23:04:07.441 []  INFO   prepare page controller service info 案件一覧
2025-03-16_23:04:07.472 []  INFO   prepare page controller service info 技術者一覧
2025-03-16_23:04:07.529 []  INFO   create page code
2025-03-16_23:04:07.988 []  INFO   prepare page js J001
2025-03-16_23:04:08.197 []  INFO   prepare page js J002
2025-03-16_23:04:08.416 []  INFO   prepare page js J003
2025-03-16_23:04:08.529 []  INFO   prepare page js P001
2025-03-16_23:04:08.684 []  INFO   prepare page js P002
2025-03-16_23:04:08.853 []  INFO   prepare page js C001
2025-03-16_23:04:08.993 []  INFO   prepare page js C002
2025-03-16_23:04:09.128 []  INFO   prepare page js T001
2025-03-16_23:04:09.272 []  INFO   prepare page js S001
2025-03-16_23:04:09.439 []  INFO   prepare page js J004
2025-03-16_23:04:09.660 []  INFO   prepare page js P003
2025-03-16_23:04:09.842 []  INFO   prepare page info logoutButton.do
2025-03-16_23:04:09.898 []  INFO   create file first controller
2025-03-16_23:04:09.924 []  INFO   create file FirstController.java
2025-03-16_23:04:09.924 []  INFO   create file global exception
2025-03-16_23:04:09.958 []  INFO   create file GlobalExceptionHandler.java
2025-03-16_23:04:09.973 []  INFO   create file ErrorCode.java
2025-03-16_23:04:09.988 []  INFO   create file MultiResponse.java
2025-03-16_23:04:10.020 []  INFO   create file Response.java
2025-03-16_23:04:10.043 []  INFO   create file SingleResponse.java
2025-03-16_23:04:10.043 []  INFO   create file mdchandlerinterceptor
2025-03-16_23:04:10.066 []  INFO   create file MdcHandlerInterceptor.java
2025-03-16_23:04:10.066 []  INFO   create file AccessDeniedExceptionHandler
2025-03-16_23:04:10.088 []  INFO   create file AccessDeniedExceptionHandler.java
2025-03-16_23:04:10.106 []  INFO   create file LoginUser.java
2025-03-16_23:04:10.107 []  INFO   create file PageRight
2025-03-16_23:04:10.126 []  INFO   create file PageRight.java
2025-03-16_23:04:10.126 []  INFO   create file AuthenticationEntryPointImpl
2025-03-16_23:04:10.145 []  INFO   create file AuthenticationEntryPointImpl.java
2025-03-16_23:04:10.146 []  INFO   create file SecurityConfig
2025-03-16_23:04:10.168 []  INFO   create file SecurityConfig.java
2025-03-16_23:04:10.187 []  INFO   create file UserDetailsServiceImpl.java
2025-03-16_23:04:10.187 []  INFO   create file Application
2025-03-16_23:04:10.212 []  INFO   create file Application.java
2025-03-16_23:04:10.212 []  INFO   create file pom
2025-03-16_23:04:10.241 []  INFO   create file pom.xml
2025-03-16_23:04:10.242 []  INFO   create file application.properties
2025-03-16_23:04:10.266 []  INFO   create file application.yml
2025-03-16_23:04:10.266 []  INFO   create file BusinessType
2025-03-16_23:04:10.284 []  INFO   create file BusinessType.java
2025-03-16_23:04:10.284 []  INFO   create file TurnImportController
2025-03-16_23:04:10.302 []  INFO   create file TurnToImportController.java
2025-03-16_23:04:10.302 []  INFO   create file controllerAspect
2025-03-16_23:04:10.323 []  INFO   create file ControllerAspect.java
2025-03-16_23:04:10.323 []  INFO   create file log config
2025-03-16_23:04:10.342 []  INFO   create file Log.java
2025-03-16_23:04:10.343 []  INFO   create file logAspect
2025-03-16_23:04:10.365 []  INFO   create file LogAspect.java
2025-03-16_23:04:10.366 []  INFO   create file OperatorType
2025-03-16_23:04:10.384 []  INFO   create file OperatorType.java
2025-03-16_23:04:10.384 []  INFO   create file ConfigEntity
2025-03-16_23:04:10.405 []  INFO   create file ConfigEntity.java
2025-03-16_23:04:10.405 []  INFO   create file CalendarDayEntity
2025-03-16_23:04:10.423 []  INFO   create file CalendarDayEntity.java
2025-03-16_23:04:10.424 []  INFO   create file CalendarEntity
2025-03-16_23:04:10.445 []  INFO   create file CalendarEntity.java
2025-03-16_23:04:10.445 []  INFO   create file Spring_System
2025-03-16_23:04:10.459 []  INFO   create file Spring_System.properties
2025-03-16_23:04:10.459 []  INFO   create file log4j
2025-03-16_23:04:10.478 []  INFO   create file log4j2.xml
2025-03-16_23:04:10.478 []  INFO   create file MessageUtil
2025-03-16_23:04:10.493 []  INFO   create file MessageUtil.java
2025-03-16_23:04:10.493 []  INFO   create file InOutPrintBean
2025-03-16_23:04:10.510 []  INFO   create file InOutPrintBean.java
2025-03-16_23:04:10.510 []  INFO   create file BaseTest
2025-03-16_23:04:10.511 []  INFO   create file DateTimeStrValidator
2025-03-16_23:04:10.530 []  INFO   create file DateTimeStrValidator.java
2025-03-16_23:04:10.531 []  INFO   create file DateTimeStr
2025-03-16_23:04:10.548 []  INFO   create file DateTimeStr.java
2025-03-16_23:04:10.548 []  INFO   create file DateValidatorBuild
2025-03-16_23:04:10.566 []  INFO   create file DateBeforeStr.java
2025-03-16_23:04:10.582 []  INFO   create file DateBeforeStrValidator.java
2025-03-16_23:04:10.603 []  INFO   create file DateAfterStr.java
2025-03-16_23:04:10.663 []  INFO   create file DateAfterStrValidator.java
2025-03-16_23:04:10.669 []  INFO   create file for page function
2025-03-16_23:04:12.656 []  INFO   create file LoginController.java
2025-03-16_23:04:12.717 []  INFO   create file UploadMultiFilesController.java
2025-03-16_23:04:15.523 []  INFO   create file for entity
2025-03-16_23:04:15.526 []  INFO   create file CommonPageSpringBootParser
2025-03-16_23:04:15.716 []  INFO   create file Swagger
2025-03-16_23:04:15.750 []  INFO   create file RestController
2025-03-16_23:04:16.238 []  INFO   create file BaseSessionActivity
2025-03-16_23:04:16.271 []  INFO   create file common class
2025-03-16_23:04:16.372 []  INFO   Key: SELECT A.RECORDID,A.PAGEID,A.COLUMNSEQ,A.USETYPEFLG,A.OBJECTUSEID,A.FROMFLG,A.SEARCHKEYFLG,A.SEARCHSHOWFLG,A.FIELDID,A.ITEMID,A.ITEMNAME,A.CNTL_TYPE,A.REL_DATA,A.REL_DATA1,A.MAP_RELATION_ID,A.DATATYPE,A.DSORTDIR,A.DSORTBY  FROM WF_PAGE_SEARCH_DEFINE_TBL A WHERE A.BUSINESS_UNIT = ? AND A.PAGEID = ? ORDER BY A.FIELDID , Value: 33
2025-03-16_23:04:16.376 []  INFO   Key: SELECT FIELD_ID,LABEL_ID,DATA_TYPE FROM WF_SYS_RECFLD_DEFN_TBL WHERE BUSINESS_UNIT = ? AND RECORD_ID = ? AND PRI_KEY = '1', Value: 24
2025-03-16_23:04:16.376 []  INFO   Key: SELECT SUBID, UNDBTYPE, GRID_DATA_PERPAGE, AXIS, FREEFLD4, ITEMID FROM wf_page_detail_define_tbl WHERE BUSINESS_UNIT = ? AND PAGEID = ? AND OBJECT_KIND IN ('15','35') AND (FREEFLD4 != NULL OR FREEFLD4 != ''), Value: 23
2025-03-16_23:04:16.376 []  INFO   Key: SELECT SUBID, UNDBTYPE, GRID_DATA_PERPAGE, AXIS, FREEFLD4, ITEMID FROM wf_page_detail_define_tbl WHERE BUSINESS_UNIT = ? AND PAGEID = ? AND OBJECT_KIND IN ('15','35') AND TABLEFROMSUBID = '0', Value: 19
2025-03-16_23:04:16.377 []  INFO   Key: SELECT A.PAGEID,A.TARGETID,A.EVENTID,A.FUNCTIONID,B.EVENTNAME,B.EXECTIMING,B.OBJECTUNIT,C.PAGEID,C.FUNNAME,C.RUN_LOCATION,A.RUNSEQ FROM WF_PAGE_EVENT_TBL A, WF_COM_EVENT_TBL B, WF_FUNCTION_DEFINE_TBL C WHERE A.EVENTID = B.EVENTID AND A.BUSINESS_UNIT = C.BUSINESS_UNIT AND A.FUNCTIONID = C.FUNCTIONID AND A.BUSINESS_UNIT = ? AND A.PAGEID = ? AND B.EXECTIMING IN ('1') ORDER BY 	B.EXECTIMING, 	B.EXECSEQ, 	A.RUNSEQ, Value: 19
2025-03-16_23:04:16.377 []  INFO   Key: SELECT A.PAGEID, A.SUBID, A.ITEMID, A.FIELDID, A.OBJECT_KIND  FROM wf_page_detail_define_tbl A INNER JOIN wf_page_tbl B ON A.BUSINESS_UNIT = B.BUSINESS_UNIT AND A.PAGEID = B.PAGEID  WHERE A.BUSINESS_UNIT = ? AND B.PAGE_MNG_ID = ? AND A.FIELDID = ?, Value: 16
2025-03-16_23:04:16.377 []  INFO   Key: SELECT PAGEID,PAGENM, PAGE_MNG_ID FROM wf_page_tbl WHERE BUSINESS_UNIT = ? , Value: 13
2025-03-16_23:04:16.377 []  INFO   Key: SELECT  A.PAGEID , A.TARGETID , A.EVENTID , A.FUNCTIONID, C.EXPRESSION , C.EXPRESSION_ANALYSIS, C.SCRIPT_LANG , C.FUNNAME  FROM WF_PAGE_EVENT_TBL A  INNER JOIN WF_FUNCTION_DEFINE_TBL C   ON  A.FUNCTIONID = C.FUNCTIONID   AND A.BUSINESS_UNIT = C.BUSINESS_UNIT   AND C.RUN_LOCATION = '0' WHERE A.BUSINESS_UNIT = ?   AND A.PAGEID = ?    AND A.EVENTID = 'PagePreSave' , Value: 11
2025-03-16_23:04:16.377 []  INFO   Key: SELECT  RECORD_ID,  SEQNUM,  FIELD_ID, DATA_TYPE, FIELD_LENGTH, PRI_KEY, NOT_NULL, DEFAULT_VALUE, LABEL_ID FROM wf_sys_recfld_defn_tbl WHERE BUSINESS_UNIT = ? AND RECORD_ID = ? ORDER BY SEQNUM ASC , Value: 9
2025-03-16_23:04:16.377 []  INFO   Key: SELECT A.RELATIONID, B.RECORD_ID1, B.FIELD_ID1, B.RECORD_ID2, B.FIELD_ID2, B.RELATION FROM 	WF_PAGE_RECORD_RELATION_TBL A LEFT JOIN wf_sys_record_rel_map_tbl B ON A.BUSINESS_UNIT = B.BUSINESS_UNIT 	AND A.RELATIONID = B.RELATIONID WHERE 	A.BUSINESS_UNIT = ? AND A.PAGEID = ?, Value: 9
2025-03-16_23:04:16.377 []  INFO   Key: SELECT A.FUNCTIONID FROM WF_FUNCTION_DEFINE_TBL A  WHERE A.BUSINESS_UNIT = ? AND A.EXPRESSION LIKE '%excelPrint.setTemplateID%' , Value: 4
2025-03-16_23:04:16.377 []  INFO   Key: SELECT A.PAGEID, A.SUBID, A.FUNCTIONID, C.ITEMID, C.TABLEFROMSUBID, C.OBJECT_KIND, C.SUBID,C.ITEMID FROM wf_page_detail_function_tbl A LEFT join wf_page_detail_define_tbl C on A.PAGEID = C.PAGEID  AND A.SUBID = C.SUBID AND A.BUSINESS_UNIT = C.BUSINESS_UNIT WHERE A.BUSINESS_UNIT = ? AND A.PAGEID = ? AND A.FUNCTIONID = ? , Value: 4
2025-03-16_23:04:16.377 []  INFO   Key: SELECT A.SUBID, B.ITEMID, B.TABLEFROMSUBID, B.FIELDNM FROM wf_page_detail_function_tbl A LEFT JOIN wf_page_detail_define_tbl B 	ON A.BUSINESS_UNIT = B.BUSINESS_UNIT  	AND A.PAGEID = B.PAGEID AND A.SUBID = B.SUBID WHERE A.BUSINESS_UNIT = ?  AND A.PAGEID = ? AND A.FUNCTIONID = ?, Value: 4
2025-03-16_23:04:16.378 []  INFO   Key: SELECT DISTINCT A.PAGEID, A.INOUTID, A.BEFORE_INOUT_FUNID, A.AFTER_INOUT_FUNID, B.OBJECT_KIND, A.FIXFLG, A.ENCODE, B.ITEMID, A.HEADFLG, A.DIVIDECHAR, A.FIELD3, P.PAGE_MNG_ID, iteminout.TABLEID FROM wf_inout_tbl A LEFT JOIN wf_page_detail_define_tbl B ON A.BUSINESS_UNIT = B.BUSINESS_UNIT AND A.PAGEID = B.PAGEID  AND A.INOUTID = B.SUBID LEFT JOIN WF_PAGE_TBL P ON P.BUSINESS_UNIT = B.BUSINESS_UNIT AND P.PAGEID = B.PAGEID LEFT JOIN wf_item_inout_tbl iteminout ON iteminout.BUSINESS_UNIT = A.BUSINESS_UNIT AND A.PAGEID = iteminout.PAGEID AND A.INOUTID = iteminout.INOUTID WHERE A.BUSINESS_UNIT = ? ORDER BY A.PAGEID , A.INOUTID , Value: 4
2025-03-16_23:04:16.378 []  INFO   Key: SELECT B.URL_TO, A.PARAMID, C.ITEMID, A.PARAMTYPE, B.URL_FROM, A.PARAMVALUE, D.ITEMID AS PARAMVALUEID FROM wf_link_param_tbl A LEFT JOIN wf_link_tbl B ON A.BUSINESS_UNIT = B.BUSINESS_UNIT  	AND A.LINKID = B.LINKID LEFT JOIN wf_page_detail_define_tbl C ON B.BUSINESS_UNIT = C.BUSINESS_UNIT 	AND B.URL_TO = C.PAGEID AND B.SCOPEFLG = '1' AND A.PARAMID = C.SUBID LEFT JOIN wf_page_detail_define_tbl D ON B.BUSINESS_UNIT = D.BUSINESS_UNIT 	AND B.URL_FROM = D.PAGEID AND B.URLFLAG = '2' AND A.PARAMVALUE = D.SUBID WHERE 	A.BUSINESS_UNIT = ? 	AND A.LINKID = ? ORDER BY A.LINKID,	A.SEQNUM, Value: 3
2025-03-16_23:04:16.378 []  INFO   Key: SELECT DISTINCT A.PAGEID, A.SUBID, A.BEFORE_PRINT_FUNID, A.AFTER_PRINT_FUNID, B.OBJECT_KIND, A.INTELLIGENCE_ID FROM wf_page_detail_define_tbl B LEFT JOIN wf_page_print_rel_tbl A ON A.BUSINESS_UNIT = B.BUSINESS_UNIT AND A.PAGEID = B.PAGEID AND A.SUBID = B.SUBID WHERE A.BUSINESS_UNIT = ? ORDER BY A.PAGEID , A.SUBID , Value: 3
2025-03-16_23:04:16.378 []  INFO   Key: SELECT link.LINKNM, link.LINKID, link.SCOPEFLG, link.URL_FROM, link.TARGET, link.URLFLAG, link.MODALDIALOG_FLG, link.URL_TO, link.PARTSFLG, pagefrom.PAGE_MNG_ID PageMngIdFrom, pageto.PAGE_MNG_ID PageMngIdTo FROM wf_link_tbl link LEFT JOIN wf_page_tbl pagefrom ON pagefrom.BUSINESS_UNIT = link.BUSINESS_UNIT AND pagefrom.PAGEID = link.URL_FROM LEFT JOIN wf_page_tbl pageto ON pageto.BUSINESS_UNIT = link.BUSINESS_UNIT AND pageto.PAGEID = link.URL_TO WHERE link.BUSINESS_UNIT = ? , Value: 2
2025-03-16_23:04:16.378 []  INFO   Key: SELECT A.PAGEID FROM wf_page_detail_define_tbl A  WHERE A.BUSINESS_UNIT = ? AND A.OBJECT_KIND IN ('36','37','20'), Value: 2
2025-03-16_23:04:16.378 []  INFO   Key: SELECT B.DISPLAY_FRAME_FLG,B.DEFAULT_PAGEID ,B.SHOW_HEAD_FLG ,B.FILE_DOWNLOAD_FLG ,B.LEFTSIDEBAR_SHOW_FLG ,B.LANGUAGE_ID ,B.DEFAULT_GRID_ROWS ,B.BU_IMAGE ,B.LOGOUT_PAGE ,B.SINGLE_LOGIN_FLG,B.DETAIL_TRACE_FLG,B.SYSTEM_NM,A.PAGE_MNG_ID  FROM WF_BUSYSTEM_TBL B LEFT JOIN wf_page_tbl A ON A.BUSINESS_UNIT = B.BUSINESS_UNIT AND B.DEFAULT_PAGEID = A.PAGEID  WHERE B.BUSINESS_UNIT = ? , Value: 2
2025-03-16_23:04:16.378 []  INFO   Key: SELECT A.PAGEID, A.SUBID, A.FUNCTIONID, C.ITEMID, C.TABLEFROMSUBID, C.OBJECT_KIND, C.SUBID,C.ITEMID, C.FREEFLD27 FROM wf_page_detail_function_tbl A LEFT join wf_page_detail_define_tbl C on A.PAGEID = C.PAGEID  AND A.SUBID = C.SUBID AND A.BUSINESS_UNIT = C.BUSINESS_UNIT WHERE A.BUSINESS_UNIT = ? ORDER BY A.PAGEID,C.SUBID,A.FUNCTIONID , Value: 2
2025-03-16_23:04:16.378 []  INFO   Key: SELECT PARAM_VALUE, PARAM_ID FROM WF_BUSYSTEM_PARAM_TBL  WHERE BUSINESS_UNIT = ? AND PARAM_ID IN ('project_id') , Value: 2
2025-03-16_23:04:16.379 []  INFO   Key: SELECT SUBID, MIN_CHAR FROM wf_page_detail_define_tbl WHERE BUSINESS_UNIT = ? AND PAGEID = ? AND OBJECT_KIND = ? AND SUBID = ?, Value: 2
2025-03-16_23:04:16.379 []  INFO   Key: SELECT  B.GROUP_ID,A.PAGE_MNG_ID  FROM WF_PAGE_TBL A INNER JOIN WF_GROUP_TBL B ON A.BUSINESS_UNIT = B.BUSINESS_UNIT  AND A.PAGEID = B.PAGEID  WHERE A.BUSINESS_UNIT=?  ORDER BY B.GROUP_ID desc, Value: 1
2025-03-16_23:04:16.379 []  INFO   Key: SELECT   BUSINESS_UNIT, TEMPLATE_ID, TEMPLATE_NAME, TEMPLATE_NEWNAME, DESCR, DISTRICTFLG, BEGINROW, ENDROW, PAGINGFLG, PAGINGROWS, PRINT_FILE_NAME FROM WF_PRINT_TEMPLATE_TBL  WHERE BUSINESS_UNIT = ? , Value: 1
2025-03-16_23:04:16.379 []  INFO   Key: SELECT PARAM_VALUE, PARAM_ID FROM WF_BUSYSTEM_PARAM_TBL  WHERE BUSINESS_UNIT = ? AND PARAM_ID IN ('after_login_func_mobile','after_login_func_web','after_login_func_all') , Value: 1
2025-03-16_23:04:16.379 []  INFO   Key: SELECT RELATIONID, RECORD_ID1, FIELD_ID1, RELATION, RECORD_ID2, FIELD_ID2, DESCR FROM wf_sys_record_rel_map_tbl WHERE BUSINESS_UNIT = ?, Value: 1
2025-03-16_23:04:16.379 []  INFO   Key: SELECT A.PAGEID, A.SUBID, A.FUNCTIONID, B.EXPRESSION FROM wf_page_detail_function_tbl A LEFT JOIN wf_function_define_tbl B ON A.BUSINESS_UNIT = B.BUSINESS_UNIT AND A.FUNCTIONID = B.FUNCTIONID WHERE A.BUSINESS_UNIT = ?  ORDER BY A.PAGEID, Value: 1
2025-03-16_23:04:16.379 []  INFO   Key:  SELECT DISTINCT 	M1.GROUP_ID FROM 	WF_GROUP_USER_TBL A INNER JOIN WF_GROUP_TBL M ON M.GROUP_ID = A.GROUP_ID AND M.BUSINESS_UNIT = A.BUSINESS_UNIT AND M.ENVIRONFLG = ? INNER JOIN WF_GROUP_TBL M1 ON ( 	M.LEFTID >= M1.LEFTID 	AND M.RIGHTID <= M1.RIGHTID 	AND M.ENVIRONFLG = M1.ENVIRONFLG 	AND M.BUSINESS_UNIT = M1.BUSINESS_UNIT ) WHERE	A.BUSINESS_UNIT = ? AND M1.GROUP_ID <> 'G00000' , Value: 1
2025-03-16_23:04:16.379 []  INFO   Key: SELECT A.PageID,A.SUBID, A.RECORDID, A.FIELDID, A.PASSFLG, A.MAPSUBID, A.MAPITEMID, A.DATA_TYPE, A.DEFAULT_VALUE, A.OPERATE, A.CONDFLG, A.DSORTDIR, A.DSORTBY, A.RESULTFLG, A.MAIN_KIND, A.ITEMNAME, A.ITEMID, A.RETURNFLG, A.OBJECT_KIND, A.CNTL_TYPE, A.REL_DATA, A.REL_DATA1  FROM WF_POP_FILTER_TBL A WHERE A.BUSINESS_UNIT = ? ORDER BY A.PAGEID, A.SUBID  , Value: 1
2025-03-16_23:04:16.379 []  INFO   Key: SELECT PARAM_VALUE, PARAM_ID FROM WF_BUSYSTEM_PARAM_TBL  WHERE BUSINESS_UNIT = ? AND PARAM_ID IN ('no_login_pages') , Value: 1
2025-03-16_23:04:16.380 []  INFO   Key: SELECT A.PAGEID, A.SUBID, A.FUNCTIONID, B.EXPRESSION FROM wf_page_detail_function_tbl A LEFT JOIN wf_function_define_tbl B ON A.BUSINESS_UNIT = B.BUSINESS_UNIT AND A.FUNCTIONID = B.FUNCTIONID WHERE A.BUSINESS_UNIT = ?   ORDER BY A.PAGEID ASC, Value: 1
2025-03-16_23:04:16.380 []  INFO   Key: SELECT 	C.PAGE_MNG_ID, 	BL.FATHER_ID, 	BL.PFOFILE_NM, 	BL.CONTENTS, 	BL.FROMFLG, 	C.OURURL, 	C.PC_MB_FLG, 	BL.RIGHTTYPE, 	BL.DISPLAYFLG, 	C.TRANSFLG, 	C.INSERTFLG, 	C.UPDATEFLG, 	C.FREE_FIELD4, 	BL.PATH ,	BL.INSERTFLG,	BL.UPDATEFLG,	BL.SHOWFLG,	BL.DELETEFLG FROM 	( 		SELECT 			AL.PROFILE_ID, 			AL.FATHER_ID, 			AL.PFOFILE_NM, 			AL.CONTENTS, 			AL.FROMFLG, 			AL.RIGHTTYPE, 			AL.DISPLAYFLG, 			AL.PATH ,			AL.INSERTFLG,			AL.UPDATEFLG,			AL.SHOWFLG,			AL.DELETEFLG 		FROM 			( 				SELECT DISTINCT 					M1.PROFILE_ID, 					M1.PFOFILE_NM, 					M1.FATHER_ID, 					A.RIGHTTYPE, 					M1.FROMFLG, 					M1.CONTENTS, 					M1.PATH, 					M1.DISPLAYFLG,					A.INSERTFLG,					A.UPDATEFLG,					A.DISPLAYFLG AS SHOWFLG,					A.DELETEFLG 				FROM 					WF_PAGE_RIGHT_TBL A 				INNER JOIN WF_MENU_TBL M ON M.PROFILE_ID = A.PAGEID 				AND A.BUSINESS_UNIT = M.BUSINESS_UNIT				AND A.ENVIRONFLG = ? 				INNER JOIN WF_MENU_TBL M1 ON ( 					M1.PATH LIKE CONCAT(M.PATH, '%') 					AND M.BUSINESS_UNIT = M1.BUSINESS_UNIT 					AND A.ENVIRONFLG = ? 				) 				WHERE 					( 							A.USERID = '' 					) 				AND A.BUSINESS_UNIT = ?			) AL 		GROUP BY 			AL.PROFILE_ID 		HAVING 			COUNT(*) = 1 		AND AL.RIGHTTYPE = '2' 	) BL LEFT JOIN WF_PAGE_TBL C ON BL.PROFILE_ID = C.PAGEID AND C.BUSINESS_UNIT = ?ORDER BY 	BL.PATH, 	BL.PROFILE_ID, Value: 1
2025-03-16_23:04:16.380 []  INFO   Key: SELECT PAGEID FROM WF_PAGE_TBL WHERE BUSINESS_UNIT = ?, Value: 1
2025-03-16_23:04:16.380 []  INFO   Key: SELECT  A.PAGEID, A.SUBID, A.ITEMID, A.OBJECT_KIND, A.TABLEFROMSUBID, A.CNTL_TYPE, A.REL_DATA, A.MAP_RELATION_ID, A.REL_DATA1, A.REL_DATA2, A.FREEFLD30, A.MUSTCHECKFLG, A.READONLY, A.DBFLG, A.TABLEID, A.FIELDID, B.PRI_KEY, A.ITEM_HEIGHT, A.ITEM_WIDTH, A.FIELDNM, A.HINT, A.CSS_CLASS_NM, A.DISPLAYFLG, A.AXIS, A.FROMSUBID, A.DEFAULT_VALUE, A.ROWADD, A.ROWDEL, A.FREEFLD27, A.CHKKIND, A.RANGEFROM, A.RANGETO, A.REGEX_FORMAT, A.MIN_CHAR, A.WF_SIZE, A.EXPRESSION, A.INPUTREGEX, A.REGEXKIND, A.UNDBTYPE, A.BACKGROUND_COLOR, A.FONT_COLOR, A.ITEM_TOP, A.ITEM_LEFT, A.FONT_SIZE, A.BORDERCOLOR, B.DATA_TYPE, B.NOT_NULL, B.FIELD_LENGTH FROM wf_page_detail_define_tbl A LEFT JOIN wf_sys_recfld_defn_tbl B ON A.BUSINESS_UNIT = B.BUSINESS_UNIT AND A.TABLEID = B.RECORD_ID AND A.FIELDID = B.FIELD_ID WHERE A.BUSINESS_UNIT = ? ORDER BY A.PAGEID, CAST(A.TABLEFROMSUBID AS SIGNED) ASC, CAST(A.ITEM_TOP AS SIGNED) ASC, CAST(A.ITEM_LEFT AS SIGNED) ASC , Value: 1
2025-03-16_23:04:16.380 []  INFO   Key: SELECT DESCR,REC_TYPE FROM WF_SYS_RECORD_DEFN_TBL WHERE BUSINESS_UNIT = ? AND RECORD_ID = ?, Value: 1
2025-03-16_23:04:16.380 []  INFO   Key: SELECT  A.PAGEID, A.SUBID, A.ITEMID, A.OBJECT_KIND, A.TABLEFROMSUBID, A.CNTL_TYPE, A.REL_DATA, A.MAP_RELATION_ID, A.REL_DATA1, A.REL_DATA2, A.FREEFLD30, A.MUSTCHECKFLG, A.READONLY, A.DBFLG, A.TABLEID, A.FIELDID, B.PRI_KEY, A.ITEM_HEIGHT, A.ITEM_WIDTH, A.FIELDNM, A.HINT, A.CSS_CLASS_NM, A.DISPLAYFLG, A.AXIS, A.FROMSUBID, A.DEFAULT_VALUE, A.ROWADD, A.ROWDEL, A.FREEFLD27, A.CHKKIND, A.RANGEFROM, A.RANGETO, A.REGEX_FORMAT, A.MIN_CHAR, A.WF_SIZE, A.EXPRESSION, A.INPUTREGEX, A.REGEXKIND, A.UNDBTYPE, A.BACKGROUND_COLOR, A.FONT_COLOR, A.ITEM_TOP, A.ITEM_LEFT, A.FONT_SIZE, A.BORDERCOLOR, B.DATA_TYPE, B.NOT_NULL, B.FIELD_LENGTH FROM wf_page_detail_define_tbl A LEFT JOIN wf_sys_recfld_defn_tbl B ON A.BUSINESS_UNIT = B.BUSINESS_UNIT AND A.TABLEID = B.RECORD_ID AND A.FIELDID = B.FIELD_ID WHERE A.BUSINESS_UNIT = ? AND A.OBJECT_KIND <> '13' ORDER BY A.PAGEID, CAST(A.TABLEFROMSUBID AS SIGNED) ASC, CAST(A.ITEM_TOP AS SIGNED) ASC, CAST(A.ITEM_LEFT AS SIGNED) ASC , Value: 1
2025-03-16_23:04:16.380 []  INFO   Key: SELECT A.FUNCTIONID, A.SCOPEFLG, A.PAGEID, A.FUNNAME, A.SCRIPT_LANG, A.RUN_LOCATION, A.CONTENT, A.EXPRESSION, A.EXPRESSION_ANALYSIS FROM wf_function_define_tbl A  WHERE A.BUSINESS_UNIT = ? AND A.FUNCTIONID NOT IN (SELECT FUNCID FROM WF_SYS_FORMALDESIGNER_PARAM_TBL WHERE BUSINESS_UNIT = ?) AND A.FUNCTIONID NOT IN (SELECT CONCAT(FUNCID,'Test') AS FUNCIDAS FROM WF_SYS_FORMALDESIGNER_PARAM_TBL WHERE BUSINESS_UNIT = ?), Value: 1
2025-03-16_23:04:16.382 []  INFO   Key: SELECT PROFILE_ID, FATHER_ID, PFOFILE_NM, CONTENTS, PROFILE_TYPE, SEQ, PATH, LEFTID, RIGHTID, DISPLAYFLG FROM WF_MENU_TBL WHERE BUSINESS_UNIT = ? AND PATH LIKE '%' ORDER BY PATH, PROFILE_ID, Value: 1
2025-03-16_23:04:16.382 []  INFO   Key: SELECT A.PAGEID, A.FUNCTIONID, A.FUNNAME, A.CONTENT, A.SCOPEFLG, A.RUN_LOCATION, A.EXPRESSION, B.EVENTID FROM WF_FUNCTION_DEFINE_TBL A LEFT JOIN WF_PAGE_EVENT_TBL B ON A.FUNCTIONID = B.FUNCTIONID WHERE A.BUSINESS_UNIT = ? AND A.RUN_LOCATION = '1' ORDER BY A.PAGEID, Value: 1
2025-03-16_23:04:16.382 []  INFO   Key: SELECT DISTINCT A.RECORD_ID, A.DESCR, A.REC_TYPE, B.CREATEVIEWFLG FROM wf_sys_record_defn_tbl A LEFT JOIN wf_intelli_tbl B ON A.BUSINESS_UNIT = B.BUSINESS_UNIT AND A.RECORD_ID = B.INTELLIGENCE_ID WHERE A.BUSINESS_UNIT = ? , Value: 1
2025-03-16_23:04:16.382 []  INFO   Key: SELECT FIELD_ID,  LABEL_ID,  '1',  '',''  FROM WF_SYS_FLDLABL_DEFN_TBL WHERE BUSINESS_UNIT = ? UNION ALL  SELECT FIELD_ID, LABEL_ID, DATA_TYPE, NOT_NULL,RECORD_ID FROM WF_SYS_RECFLD_DEFN_TBL WHERE  BUSINESS_UNIT = ? , Value: 1
2025-03-16_23:04:16.382 []  INFO   Key: SELECT A.GROUP_ID , B.PAGEID, A.GROUP_NAME , A.PATH , B.NORIGHTFLG , B.INSERTFLG , B.UPDATEFLG , B.DISPLAYFLG , B.DELETEFLG , A.FATHER_ID  FROM 	WF_GROUP_TBL A LEFT JOIN WF_PAGE_RIGHT_TBL B ON A.BUSINESS_UNIT = B.BUSINESS_UNIT AND A.GROUP_ID = B.GROUPID AND B.BELONG_FLG = '0' WHERE 	A.BUSINESS_UNIT = ? AND A.ENVIRONFLG = '0' ORDER BY 	A.PATH, 	A.GROUP_ID, Value: 1
2025-03-16_23:04:16.382 []  INFO   Key: SELECT PAGEID, FUNCTIONID, FUNNAME, CONTENT, SCOPEFLG, RUN_LOCATION FROM WF_FUNCTION_DEFINE_TBL WHERE BUSINESS_UNIT = ? AND FUNCTIONID = ?, Value: 1
2025-03-16_23:04:16.383 []  INFO   Key: SELECT 	BL.PROFILE_ID, 	BL.FATHER_ID, 	BL.PFOFILE_NM, 	BL.CONTENTS, 	BL.FROMFLG, 	C.OURURL, 	C.PC_MB_FLG, 	BL.RIGHTTYPE, 	BL.DISPLAYFLG, 	C.TRANSFLG, 	C.INSERTFLG, 	C.UPDATEFLG, 	C.FREE_FIELD4, 	BL.PATH FROM 	( 		SELECT 			AL.PROFILE_ID, 			AL.FATHER_ID, 			AL.PFOFILE_NM, 			AL.CONTENTS, 			AL.FROMFLG, 			AL.RIGHTTYPE, 			AL.DISPLAYFLG, 			AL.PATH 		FROM 			( 				SELECT DISTINCT 					M1.PROFILE_ID, 					M1.PFOFILE_NM, 					M1.FATHER_ID, 					A.RIGHTTYPE, 					M1.FROMFLG, 					M1.CONTENTS, 					M1.PATH, 					M1.DISPLAYFLG 				FROM 					WF_PAGE_RIGHT_TBL A 				INNER JOIN WF_MENU_TBL M ON M.PROFILE_ID = A.PAGEID 				AND A.BUSINESS_UNIT = M.BUSINESS_UNIT				AND A.ENVIRONFLG = ? 				INNER JOIN WF_MENU_TBL M1 ON ( 					M1.PATH LIKE CONCAT(M.PATH, '%') 					AND M.BUSINESS_UNIT = M1.BUSINESS_UNIT 					AND A.ENVIRONFLG = ? 				) 				WHERE 					( 							A.USERID = '' 					) 				AND A.BUSINESS_UNIT = ? 			) AL 		GROUP BY 			AL.PROFILE_ID 		HAVING 			COUNT(*) = 1 		AND AL.RIGHTTYPE = '2' 	) BL LEFT JOIN WF_PAGE_TBL C ON BL.PROFILE_ID = C.PAGEID AND C.BUSINESS_UNIT = ? ORDER BY 	BL.PATH, 	BL.PROFILE_ID , Value: 1
2025-03-16_23:04:16.383 []  INFO   Key: SELECT A.PAGEID, A.FUNCTIONID, A.FUNNAME, A.CONTENT, A.SCOPEFLG, A.RUN_LOCATION, A.EXPRESSION, B.EVENTID FROM WF_FUNCTION_DEFINE_TBL A LEFT JOIN WF_PAGE_EVENT_TBL B ON A.FUNCTIONID = B.FUNCTIONID WHERE A.BUSINESS_UNIT = ? AND A.RUN_LOCATION = '1' ORDER BY A.PAGEID ASC , Value: 1
2025-03-16_23:04:16.383 []  INFO   Key: SELECT  P.PAGENM,  P.PAGE_MNG_ID,  D.FIELDNM,  D.ITEMID,  D.TABLEID,  D.TABLENM,  T.DATA_TYPE ,  T.FIELD_LENGTH ,  T.PRI_KEY ,  T.SEARCH_KEY ,  T.SEARCH_LIST ,  T.NOT_NULL ,  T.DEFAULT_VALUE,  D.INPUTREGEX,  D.REGEXKIND,  D.OBJECT_KIND FROM  WF_PAGE_DETAIL_DEFINE_TBL D LEFT JOIN WF_PAGE_TBL P ON  P.BUSINESS_UNIT = D.BUSINESS_UNIT  AND P.PAGEID = D.PAGEID LEFT JOIN WF_SYS_RECFLD_DEFN_TBL T ON  T.BUSINESS_UNIT = D.BUSINESS_UNIT  AND T.RECORD_ID = D.TABLEID  AND T.FIELD_ID = D.FIELDID WHERE  D.BUSINESS_UNIT = ? AND P.PAGEID IS NOT NULL  AND D.OBJECT_KIND IN (5,3,4,2,6,7,8,9,10,12,14,17,18,19,22,36,11,37,53) ORDER BY D.PAGEID, D.ITEMID, D.FIELDNM, Value: 1
2025-03-16_23:04:16.383 []  INFO   Key: SELECT B.URL_TO, A.PARAMID, C.ITEMID, A.PARAMTYPE, B.URL_FROM, A.PARAMVALUE, D.ITEMID AS PARAMVALUEID, A.LINKID FROM wf_link_param_tbl A LEFT JOIN wf_link_tbl B ON A.BUSINESS_UNIT = B.BUSINESS_UNIT  	AND A.LINKID = B.LINKID LEFT JOIN wf_page_detail_define_tbl C ON B.BUSINESS_UNIT = C.BUSINESS_UNIT 	AND B.URL_TO = C.PAGEID AND B.SCOPEFLG = '1' AND A.PARAMID = C.SUBID LEFT JOIN wf_page_detail_define_tbl D ON B.BUSINESS_UNIT = D.BUSINESS_UNIT 	AND B.URL_FROM = D.PAGEID AND B.URLFLAG = '2' AND A.PARAMVALUE = D.SUBID WHERE 	A.BUSINESS_UNIT = ? ORDER BY A.LINKID,	A.SEQNUM, Value: 1
2025-03-16_23:04:16.383 []  INFO   Key: SELECT PAGEID, FROMSUBID, SUBID,ITEMID,FIELDNM FROM wf_page_detail_define_tbl  WHERE BUSINESS_UNIT = ? AND OBJECT_KIND = '13', Value: 1
2025-03-16_23:04:16.383 []  INFO   Key: SELECT PAGEID, FIELDNM, ITEMID, SUBID, OBJECT_KIND, TABLEID, FIELDID, OBJECT_KIND, WF_DEPTH, TABLEFROMSUBID FROM wf_page_detail_define_tbl  WHERE BUSINESS_UNIT = ? AND OBJECT_KIND != '54', Value: 1
2025-03-16_23:04:16.385 []  INFO   Key: SELECT  FUNCID FROM  WF_SYS_FORMALDESIGNER_PARAM_TBL WHERE  BUSINESS_UNIT = ? , Value: 1
2025-03-16_23:04:16.386 []  INFO   Key: SELECT SUBID,ITEMID,FIELDNM,PAGEID,FROMSUBID FROM wf_page_detail_define_tbl  WHERE BUSINESS_UNIT = ? AND OBJECT_KIND = '13' ORDER BY PAGEID, FROMSUBID , Value: 1
2025-03-16_23:04:16.387 []  INFO   Key: SELECT B.PAGEID,A.RECORD_ID, A.DESCR, A.REC_TYPE FROM wf_sys_record_defn_tbl A LEFT JOIN wf_page_detail_define_tbl B ON A.BUSINESS_UNIT = B.BUSINESS_UNIT AND A.RECORD_ID = B.TABLEID WHERE A.BUSINESS_UNIT = ? AND A.LANGUAGE_ID = ? ORDER BY B.PAGEID ASC , Value: 1
2025-03-16_23:04:16.387 []  INFO   Key: SELECT MESSAGE_ID, MESSAGE_CONTENTS FROM wf_bumessage_tbl WHERE BUSINESS_UNIT = ? AND LANGUAGE_ID = ? , Value: 1
2025-03-16_23:04:16.387 []  INFO   Key: SELECT HEAD_CHAR,NUM_VAR,NUM_LEN,DATA_TYPE,FIELD_LENGTH,SEARCH_LIST,PRI_KEY,RECORD_ID,FIELD_ID FROM WF_SYS_RECFLD_DEFN_TBL WHERE BUSINESS_UNIT = ? AND HEAD_CHAR IS NOT NULL AND HEAD_CHAR <> '', Value: 1
2025-03-16_23:04:16.388 []  INFO   project generated
